<?xml version="1.0" encoding="UTF-8"?>
<testng-results skipped="0" failed="0" ignored="0" total="0" passed="0">
  <reporter-output>
  </reporter-output>
  <suite name="com.swhizz.admin_portal.TestNgCucumberSuiteRunner" duration-ms="48" started-at="2023-08-28T15:25:46 IST" finished-at="2023-08-28T15:25:46 IST">
    <groups>
      <group name="cucumber">
        <method signature="AbstractTestNGCucumberTests.runScenario(io.cucumber.testng.PickleWrapper, io.cucumber.testng.FeatureWrapper)[pri:0, instance:com.swhizz.admin_portal.TestNgCucumberSuiteRunner@271053e1]" name="runScenario" class="io.cucumber.testng.AbstractTestNGCucumberTests"/>
      </group> <!-- cucumber -->
    </groups>
    <test name="Command line test" duration-ms="48" started-at="2023-08-28T15:25:46 IST" finished-at="2023-08-28T15:25:46 IST">
      <class name="com.swhizz.admin_portal.TestNgCucumberSuiteRunner">
        <test-method status="FAIL" signature="setUpClass(org.testng.ITestContext)[pri:0, instance:com.swhizz.admin_portal.TestNgCucumberSuiteRunner@271053e1]" name="setUpClass" is-config="true" duration-ms="25" started-at="2023-08-28T15:25:46 IST" finished-at="2023-08-28T15:25:46 IST">
          <params>
            <param index="0">
              <value>
                <![CDATA[org.testng.TestRunner@4d3167f4]]>
              </value>
            </param>
          </params>
          <exception class="java.lang.BootstrapMethodError">
            <message>
              <![CDATA[java.lang.NoClassDefFoundError: io/cucumber/tagexpressions/TagExpressionParser]]>
            </message>
            <full-stacktrace>
              <![CDATA[java.lang.BootstrapMethodError: java.lang.NoClassDefFoundError: io/cucumber/tagexpressions/TagExpressionParser
at io.cucumber.core.options.CucumberPropertiesParser.parse(CucumberPropertiesParser.java:81)
at io.cucumber.core.options.CucumberPropertiesParser.parse(CucumberPropertiesParser.java:42)
at io.cucumber.testng.TestNGCucumberRunner.<init>(TestNGCucumberRunner.java:80)
at io.cucumber.testng.AbstractTestNGCucumberTests.setUpClass(AbstractTestNGCucumberTests.java:27)
at sun.reflect.NativeMethodAccessorImpl.invoke0(Native Method)
at sun.reflect.NativeMethodAccessorImpl.invoke(NativeMethodAccessorImpl.java:62)
at sun.reflect.DelegatingMethodAccessorImpl.invoke(DelegatingMethodAccessorImpl.java:43)
at java.lang.reflect.Method.invoke(Method.java:498)
at org.testng.internal.MethodInvocationHelper.invokeMethod(MethodInvocationHelper.java:133)
at org.testng.internal.MethodInvocationHelper.invokeMethodConsideringTimeout(MethodInvocationHelper.java:62)
at org.testng.internal.ConfigInvoker.invokeConfigurationMethod(ConfigInvoker.java:340)
at org.testng.internal.ConfigInvoker.invokeConfigurations(ConfigInvoker.java:294)
at org.testng.internal.TestMethodWorker.invokeBeforeClassMethods(TestMethodWorker.java:176)
at org.testng.internal.TestMethodWorker.run(TestMethodWorker.java:122)
at java.util.ArrayList.forEach(ArrayList.java:1259)
at org.testng.TestRunner.privateRun(TestRunner.java:770)
at org.testng.TestRunner.run(TestRunner.java:591)
at org.testng.SuiteRunner.runTest(SuiteRunner.java:402)
at org.testng.SuiteRunner.runSequentially(SuiteRunner.java:396)
at org.testng.SuiteRunner.privateRun(SuiteRunner.java:355)
at org.testng.SuiteRunner.run(SuiteRunner.java:304)
at org.testng.SuiteRunnerWorker.runSuite(SuiteRunnerWorker.java:53)
at org.testng.SuiteRunnerWorker.run(SuiteRunnerWorker.java:96)
at org.testng.TestNG.runSuitesSequentially(TestNG.java:1180)
at org.testng.TestNG.runSuitesLocally(TestNG.java:1102)
at org.testng.TestNG.runSuites(TestNG.java:1032)
at org.testng.TestNG.run(TestNG.java:1000)
at org.apache.maven.surefire.testng.TestNGExecutor.run(TestNGExecutor.java:77)
at org.apache.maven.surefire.testng.TestNGDirectoryTestSuite.execute(TestNGDirectoryTestSuite.java:110)
at org.apache.maven.surefire.testng.TestNGProvider.invoke(TestNGProvider.java:106)
at sun.reflect.NativeMethodAccessorImpl.invoke0(Native Method)
at sun.reflect.NativeMethodAccessorImpl.invoke(NativeMethodAccessorImpl.java:62)
at sun.reflect.DelegatingMethodAccessorImpl.invoke(DelegatingMethodAccessorImpl.java:43)
at java.lang.reflect.Method.invoke(Method.java:498)
at org.apache.maven.surefire.util.ReflectionUtils.invokeMethodWithArray(ReflectionUtils.java:189)
at org.apache.maven.surefire.booter.ProviderFactory$ProviderProxy.invoke(ProviderFactory.java:165)
at org.apache.maven.surefire.booter.ProviderFactory.invokeProvider(ProviderFactory.java:85)
at org.apache.maven.surefire.booter.ForkedBooter.runSuitesInProcess(ForkedBooter.java:115)
at org.apache.maven.surefire.booter.ForkedBooter.main(ForkedBooter.java:75)
Caused by: java.lang.NoClassDefFoundError: io/cucumber/tagexpressions/TagExpressionParser
... 39 more
Caused by: java.lang.ClassNotFoundException: io.cucumber.tagexpressions.TagExpressionParser
at java.net.URLClassLoader.findClass(URLClassLoader.java:387)
at java.lang.ClassLoader.loadClass(ClassLoader.java:418)
at sun.misc.Launcher$AppClassLoader.loadClass(Launcher.java:355)
at java.lang.ClassLoader.loadClass(ClassLoader.java:351)
... 39 more
]]>
            </full-stacktrace>
          </exception> <!-- java.lang.BootstrapMethodError -->
          <reporter-output>
          </reporter-output>
        </test-method> <!-- setUpClass -->
        <test-method status="PASS" signature="tearDownClass()[pri:0, instance:com.swhizz.admin_portal.TestNgCucumberSuiteRunner@271053e1]" name="tearDownClass" is-config="true" duration-ms="0" started-at="2023-08-28T15:25:46 IST" finished-at="2023-08-28T15:25:46 IST">
          <reporter-output>
          </reporter-output>
        </test-method> <!-- tearDownClass -->
      </class> <!-- com.swhizz.admin_portal.TestNgCucumberSuiteRunner -->
    </test> <!-- Command line test -->
  </suite> <!-- com.swhizz.admin_portal.TestNgCucumberSuiteRunner -->
</testng-results>
