<?xml version="1.0" encoding="UTF-8"?>
<!-- Generated by org.testng.reporters.JUnitXMLReporter -->
<testsuite hostname="LAPTOP-18R30RO2" ignored="0" name="Command line test" tests="0" failures="0" timestamp="2023-08-28T15:25:46 IST" time="0.048" errors="0">
  <testcase name="@BeforeClass setUpClass" time="0.025" classname="io.cucumber.testng.AbstractTestNGCucumberTests">
    <failure type="java.lang.BootstrapMethodError" message="java.lang.NoClassDefFoundError: io/cucumber/tagexpressions/TagExpressionParser">
      <![CDATA[java.lang.BootstrapMethodError: java.lang.NoClassDefFoundError: io/cucumber/tagexpressions/TagExpressionParser
at io.cucumber.core.options.CucumberPropertiesParser.parse(CucumberPropertiesParser.java:81)
at io.cucumber.core.options.CucumberPropertiesParser.parse(CucumberPropertiesParser.java:42)
at io.cucumber.testng.TestNGCucumberRunner.<init>(TestNGCucumberRunner.java:80)
at io.cucumber.testng.AbstractTestNGCucumberTests.setUpClass(AbstractTestNGCucumberTests.java:27)
at java.util.ArrayList.forEach(ArrayList.java:1259)
Caused by: java.lang.NoClassDefFoundError: io/cucumber/tagexpressions/TagExpressionParser
... 39 more
Caused by: java.lang.ClassNotFoundException: io.cucumber.tagexpressions.TagExpressionParser
at java.net.URLClassLoader.findClass(URLClassLoader.java:387)
at java.lang.ClassLoader.loadClass(ClassLoader.java:418)
at sun.misc.Launcher$AppClassLoader.loadClass(Launcher.java:355)
at java.lang.ClassLoader.loadClass(ClassLoader.java:351)
... 39 more
... Removed 34 stack frames]]>
    </failure>
  </testcase> <!-- @BeforeClass setUpClass -->
</testsuite> <!-- Command line test -->
